<?xml version="1.0" encoding="UTF-8"?>
<testsuite xmlns:xsi="http://www.w3.org/2001/XMLSchema-instance" xsi:noNamespaceSchemaLocation="https://maven.apache.org/surefire/maven-surefire-plugin/xsd/surefire-test-report-3.0.xsd" version="3.0" name="pl.plantmanagement.plantmanagement.PlantManagementApplicationTests" time="1.406" tests="1" errors="0" skipped="0" failures="0">
  <properties>
[...]
</properties>
  <testcase name="contextLoads" classname="pl.plantmanagement.plantmanagement.PlantManagementApplicationTests" time="0.447">
    <system-out><![CDATA[21:31:11.131 [main] INFO org.springframework.test.context.support.AnnotationConfigContextLoaderUtils -- Could not detect default configuration classes for test class [pl.plantmanagement.plantmanagement.PlantManagementApplicationTests]: PlantManagementApplicationTests does not declare any static, non-private, non-final, nested classes annotated with @Configuration.
21:31:11.184 [main] INFO org.springframework.boot.test.context.SpringBootTestContextBootstrapper -- Found @SpringBootConfiguration pl.plantmanagement.plantmanagement.PlantManagementApplication for test class pl.plantmanagement.plantmanagement.PlantManagementApplicationTests

  .   ____          _            __ _ _
 /\\ / ___'_ __ _ _(_)_ __  __ _ \ \ \ \
( ( )\___ | '_ | '_| | '_ \/ _` | \ \ \ \
 \\/  ___)| |_)| | | | | || (_| |  ) ) ) )
  '  |____| .__|_| |_|_| |_\__, | / / / /
 =========|_|==============|___/=/_/_/_/
 :: Spring Boot ::                (v3.2.2)

2024-02-09T21:31:11.351+01:00  INFO 54118 --- [           main] p.p.p.PlantManagementApplicationTests    : Starting PlantManagementApplicationTests using Java 21.0.1 with PID 54118 (started by piotrstachelski in /Users/piotrstachelski/IdeaProjects/plantmanagement)
2024-02-09T21:31:11.352+01:00  INFO 54118 --- [           main] p.p.p.PlantManagementApplicationTests    : No active profile set, falling back to 1 default profile: "default"
2024-02-09T21:31:11.842+01:00  INFO 54118 --- [           main] o.s.b.a.w.s.WelcomePageHandlerMapping    : Adding welcome page template: index
2024-02-09T21:31:11.985+01:00  INFO 54118 --- [           main] p.p.p.PlantManagementApplicationTests    : Started PlantManagementApplicationTests in 0.737 seconds (process running for 1.175)
]]></system-out>
    <system-err><![CDATA[WARNING: A Java agent has been loaded dynamically (/Users/piotrstachelski/.m2/repository/net/bytebuddy/byte-buddy-agent/1.14.11/byte-buddy-agent-1.14.11.jar)
WARNING: If a serviceability tool is in use, please run with -XX:+EnableDynamicAgentLoading to hide this warning
WARNING: If a serviceability tool is not in use, please run with -Djdk.instrument.traceUsage for more information
WARNING: Dynamic loading of agents will be disallowed by default in a future release
]]></system-err>
  </testcase>
</testsuite>